d:\projectdiy\filemanager\filemanager\debug\filemanager.pch
d:\projectdiy\filemanager\filemanager\debug\vc140.pdb
d:\projectdiy\filemanager\filemanager\debug\vc140.idb
d:\projectdiy\filemanager\filemanager\debug\stdafx.obj
d:\projectdiy\filemanager\filemanager\debug\filemanager.obj
d:\projectdiy\filemanager\filemanager\debug\filemanagerdlg.obj
d:\projectdiy\filemanager\filemanager\debug\_cvolume.obj
d:\projectdiy\filemanager\debug\filemanager.ilk
d:\projectdiy\filemanager\debug\filemanager.exe
d:\projectdiy\filemanager\debug\filemanager.pdb
d:\projectdiy\filemanager\filemanager\debug\filemanager.res
d:\projectdiy\filemanager\filemanager\debug\filemanager.tlog\cl.command.1.tlog
d:\projectdiy\filemanager\filemanager\debug\filemanager.tlog\cl.read.1.tlog
d:\projectdiy\filemanager\filemanager\debug\filemanager.tlog\cl.write.1.tlog
d:\projectdiy\filemanager\filemanager\debug\filemanager.tlog\link.command.1.tlog
d:\projectdiy\filemanager\filemanager\debug\filemanager.tlog\link.read.1.tlog
d:\projectdiy\filemanager\filemanager\debug\filemanager.tlog\link.write.1.tlog
d:\projectdiy\filemanager\filemanager\debug\filemanager.tlog\rc.command.1.tlog
d:\projectdiy\filemanager\filemanager\debug\filemanager.tlog\rc.read.1.tlog
d:\projectdiy\filemanager\filemanager\debug\filemanager.tlog\rc.write.1.tlog
